<?xml version="1.0" encoding="UTF-8"?>
<!-- Generated by org.testng.reporters.JUnitReportReporter -->
<testsuite hostname="Yamini_Mohan" failures="0" tests="1" name="com.automationexercise.testcases.TestSubscriptionFooter" time="4.976" errors="0" timestamp="2025-09-08T15:35:43 IST" skipped="0">
  <testcase classname="com.automationexercise.testcases.TestSubscriptionFooter" name="verifyFooterSubscription" time="4.976"/>
</testsuite> <!-- com.automationexercise.testcases.TestSubscriptionFooter -->
