<?xml version="1.0" encoding="UTF-8"?>
<!-- Generated by org.testng.reporters.JUnitReportReporter -->
<testsuite hostname="Yamini_Mohan" failures="0" tests="1" name="com.automationexercise.testcases.TestSignupAndDeleteAccount" time="20.447" errors="0" timestamp="2025-09-08T15:44:39 IST" skipped="0">
  <testcase classname="com.automationexercise.testcases.TestSignupAndDeleteAccount" name="signupAndDeleteAccount" time="20.447"/>
</testsuite> <!-- com.automationexercise.testcases.TestSignupAndDeleteAccount -->
